[2025-12-12 22:47:13] [INFO] [STATE] Game: * -> MENU
[2025-12-12 22:47:19] [INFO] [STATE] Player: NONE -> FIRE
[2025-12-12 22:47:20] [INFO] [STATE] Game: MENU -> PLAYING
[2025-12-12 22:47:20] [INFO] Game started
[2025-12-12 22:48:57] [INFO] [STATE] Game: PLAYING -> PAUSED
[2025-12-12 22:48:57] [INFO] Game paused
[2025-12-12 22:48:58] [INFO] [STATE] Game: PAUSED -> PLAYING
[2025-12-12 22:48:58] [INFO] Game resumed
[2025-12-12 22:49:28] [INFO] [STATE] Game: * -> MENU
[2025-12-12 22:49:34] [INFO] [STATE] Game: * -> MENU
[2025-12-12 22:49:41] [INFO] [STATE] Game: * -> MENU
[2025-12-12 22:50:30] [INFO] [STATE] Player: NONE -> FIRE
[2025-12-12 22:50:30] [INFO] [STATE] Game: MENU -> PLAYING
[2025-12-12 22:50:30] [INFO] Game started
[2025-12-12 22:50:33] [INFO] [STATE] Player Transmutation: FIRE -> WATER
[2025-12-12 22:50:33] [INFO] [STATE] Player Transmutation: FIRE -> WATER
[2025-12-12 22:50:34] [INFO] [STATE] Player Transmutation: WATER -> EARTH
[2025-12-12 22:50:34] [INFO] [STATE] Player Transmutation: WATER -> EARTH
[2025-12-12 22:50:46] [INFO] [STATE] Player Transmutation: EARTH -> FIRE
[2025-12-12 22:50:46] [INFO] [STATE] Player Transmutation: EARTH -> FIRE
[2025-12-12 22:50:49] [INFO] [STATE] Player Transmutation: FIRE -> WATER
[2025-12-12 22:50:49] [INFO] [STATE] Player Transmutation: FIRE -> WATER
[2025-12-12 22:50:49] [INFO] [STATE] Player Transmutation: WATER -> EARTH
[2025-12-12 22:50:49] [INFO] [STATE] Player Transmutation: WATER -> EARTH
[2025-12-12 22:50:50] [INFO] [STATE] Player Transmutation: EARTH -> AIR
[2025-12-12 22:50:50] [INFO] [STATE] Player Transmutation: EARTH -> AIR
[2025-12-12 22:50:56] [INFO] [STATE] Player Transmutation: AIR -> FIRE
[2025-12-12 22:50:56] [INFO] [STATE] Player Transmutation: AIR -> FIRE
[2025-12-12 22:51:09] [INFO] [STATE] Player Transmutation: FIRE -> WATER
[2025-12-12 22:51:09] [INFO] [STATE] Player Transmutation: FIRE -> WATER
[2025-12-12 22:51:11] [INFO] [STATE] Player Transmutation: WATER -> FIRE
[2025-12-12 22:51:11] [INFO] [STATE] Player Transmutation: WATER -> FIRE
[2025-12-12 22:51:25] [INFO] [STATE] Player Transmutation: FIRE -> WATER
[2025-12-12 22:51:25] [INFO] [STATE] Player Transmutation: FIRE -> WATER
[2025-12-12 22:51:45] [INFO] [STATE] Player Transmutation: WATER -> FIRE
[2025-12-12 22:51:45] [INFO] [STATE] Player Transmutation: WATER -> FIRE
[2025-12-12 22:51:53] [INFO] [STATE] Player Transmutation: FIRE -> EARTH
[2025-12-12 22:51:53] [INFO] [STATE] Player Transmutation: FIRE -> EARTH
[2025-12-12 22:52:00] [INFO] [STATE] Player Transmutation: EARTH -> FIRE
[2025-12-12 22:52:00] [INFO] [STATE] Player Transmutation: EARTH -> FIRE
[2025-12-12 22:52:01] [INFO] [STATE] Player Transmutation: FIRE -> WATER
[2025-12-12 22:52:01] [INFO] [STATE] Player Transmutation: FIRE -> WATER
[2025-12-12 22:52:06] [INFO] [STATE] Player Transmutation: WATER -> EARTH
[2025-12-12 22:52:06] [INFO] [STATE] Player Transmutation: WATER -> EARTH
[2025-12-12 22:52:08] [INFO] [STATE] Player Transmutation: EARTH -> AIR
[2025-12-12 22:52:08] [INFO] [STATE] Player Transmutation: EARTH -> AIR
[2025-12-12 22:52:26] [INFO] [STATE] Player Transmutation: AIR -> WATER
[2025-12-12 22:52:26] [INFO] [STATE] Player Transmutation: AIR -> WATER
[2025-12-12 22:52:26] [INFO] [STATE] Player Transmutation: WATER -> EARTH
[2025-12-12 22:52:26] [INFO] [STATE] Player Transmutation: WATER -> EARTH
[2025-12-12 22:52:49] [INFO] [STATE] Player Transmutation: EARTH -> WATER
[2025-12-12 22:52:49] [INFO] [STATE] Player Transmutation: EARTH -> WATER
[2025-12-12 22:52:54] [INFO] [STATE] Player Transmutation: WATER -> EARTH
[2025-12-12 22:52:54] [INFO] [STATE] Player Transmutation: WATER -> EARTH
[2025-12-12 22:52:54] [INFO] [STATE] Player Transmutation: EARTH -> AIR
[2025-12-12 22:52:54] [INFO] [STATE] Player Transmutation: EARTH -> AIR
[2025-12-12 22:52:58] [INFO] [STATE] Player Transmutation: AIR -> FIRE
[2025-12-12 22:52:58] [INFO] [STATE] Player Transmutation: AIR -> FIRE
[2025-12-12 22:53:06] [INFO] [STATE] Player Transmutation: FIRE -> WATER
[2025-12-12 22:53:06] [INFO] [STATE] Player Transmutation: FIRE -> WATER
[2025-12-12 22:53:07] [INFO] [STATE] Player Transmutation: WATER -> EARTH
[2025-12-12 22:53:07] [INFO] [STATE] Player Transmutation: WATER -> EARTH
[2025-12-12 22:53:15] [INFO] [STATE] Player Transmutation: EARTH -> WATER
[2025-12-12 22:53:15] [INFO] [STATE] Player Transmutation: EARTH -> WATER
[2025-12-12 22:53:23] [INFO] [STATE] Player Transmutation: WATER -> FIRE
[2025-12-12 22:53:23] [INFO] [STATE] Player Transmutation: WATER -> FIRE
[2025-12-12 22:54:49] [INFO] [STATE] Game: * -> MENU
[2025-12-12 22:54:51] [INFO] [STATE] Player: NONE -> FIRE
[2025-12-12 22:54:52] [INFO] [STATE] Game: MENU -> PLAYING
[2025-12-12 22:54:52] [INFO] Game started
[2025-12-12 22:55:12] [INFO] [STATE] Player Transmutation: FIRE -> WATER
[2025-12-12 22:55:12] [INFO] [STATE] Player Transmutation: FIRE -> WATER
[2025-12-12 22:55:38] [INFO] [STATE] Player Transmutation: WATER -> FIRE
[2025-12-12 22:55:38] [INFO] [STATE] Player Transmutation: WATER -> FIRE
[2025-12-12 22:55:43] [INFO] [STATE] Player Transmutation: FIRE -> WATER
[2025-12-12 22:55:43] [INFO] [STATE] Player Transmutation: FIRE -> WATER
[2025-12-12 22:55:44] [INFO] [STATE] Player Transmutation: WATER -> EARTH
[2025-12-12 22:55:44] [INFO] [STATE] Player Transmutation: WATER -> EARTH
[2025-12-12 22:55:45] [INFO] [STATE] Player Transmutation: EARTH -> FIRE
[2025-12-12 22:55:45] [INFO] [STATE] Player Transmutation: EARTH -> FIRE
[2025-12-12 22:55:46] [INFO] [STATE] Player Transmutation: FIRE -> AIR
[2025-12-12 22:55:46] [INFO] [STATE] Player Transmutation: FIRE -> AIR
[2025-12-12 22:55:52] [INFO] [STATE] Player Transmutation: AIR -> FIRE
[2025-12-12 22:55:52] [INFO] [STATE] Player Transmutation: AIR -> FIRE
[2025-12-12 22:55:53] [INFO] [STATE] Player Transmutation: FIRE -> WATER
[2025-12-12 22:55:53] [INFO] [STATE] Player Transmutation: FIRE -> WATER
[2025-12-12 22:55:54] [INFO] [STATE] Player Transmutation: WATER -> EARTH
[2025-12-12 22:55:54] [INFO] [STATE] Player Transmutation: WATER -> EARTH
[2025-12-12 22:56:00] [INFO] [STATE] Player Transmutation: EARTH -> FIRE
[2025-12-12 22:56:00] [INFO] [STATE] Player Transmutation: EARTH -> FIRE
[2025-12-12 22:56:22] [INFO] [STATE] Player Transmutation: FIRE -> WATER
[2025-12-12 22:56:22] [INFO] [STATE] Player Transmutation: FIRE -> WATER
[2025-12-12 22:56:32] [INFO] [STATE] Player Transmutation: WATER -> EARTH
[2025-12-12 22:56:32] [INFO] [STATE] Player Transmutation: WATER -> EARTH
[2025-12-12 22:56:52] [INFO] [STATE] Player Transmutation: EARTH -> FIRE
[2025-12-12 22:56:52] [INFO] [STATE] Player Transmutation: EARTH -> FIRE
[2025-12-12 22:56:54] [INFO] [STATE] Player Transmutation: FIRE -> WATER
[2025-12-12 22:56:54] [INFO] [STATE] Player Transmutation: FIRE -> WATER
[2025-12-12 22:56:57] [INFO] [STATE] Player Transmutation: WATER -> AIR
[2025-12-12 22:56:57] [INFO] [STATE] Player Transmutation: WATER -> AIR
[2025-12-12 22:57:49] [INFO] [STATE] Player Transmutation: AIR -> FIRE
[2025-12-12 22:57:49] [INFO] [STATE] Player Transmutation: AIR -> FIRE
[2025-12-12 22:57:51] [INFO] [STATE] Player Transmutation: FIRE -> WATER
[2025-12-12 22:57:51] [INFO] [STATE] Player Transmutation: FIRE -> WATER
[2025-12-12 22:57:55] [INFO] [STATE] Player Transmutation: WATER -> FIRE
[2025-12-12 22:57:55] [INFO] [STATE] Player Transmutation: WATER -> FIRE
[2025-12-12 22:57:55] [INFO] [STATE] Player Transmutation: FIRE -> EARTH
[2025-12-12 22:57:55] [INFO] [STATE] Player Transmutation: FIRE -> EARTH
[2025-12-12 22:58:07] [INFO] [STATE] Game: PLAYING -> GAME_OVER
[2025-12-12 22:58:07] [INFO] Game Over - Final Score: 4035
[2025-12-12 22:58:07] [INFO] Game Over - Final Score: 4035
[2025-12-12 22:58:09] [INFO] [STATE] Game: * -> MENU
[2025-12-12 22:58:14] [INFO] [STATE] Game: * -> MENU
[2025-12-12 22:58:15] [INFO] [STATE] Player: NONE -> FIRE
[2025-12-12 22:58:15] [INFO] [STATE] Game: GAME_OVER -> PLAYING
[2025-12-12 22:58:15] [INFO] Game started
[2025-12-12 22:58:46] [INFO] [STATE] Player Transmutation: FIRE -> WATER
[2025-12-12 22:58:46] [INFO] [STATE] Player Transmutation: FIRE -> WATER
[2025-12-12 22:59:01] [INFO] [STATE] Player Transmutation: WATER -> FIRE
[2025-12-12 22:59:01] [INFO] [STATE] Player Transmutation: WATER -> FIRE
[2025-12-12 22:59:11] [INFO] [STATE] Player Transmutation: FIRE -> AIR
[2025-12-12 22:59:11] [INFO] [STATE] Player Transmutation: FIRE -> AIR
[2025-12-12 22:59:20] [INFO] [STATE] Player Transmutation: AIR -> FIRE
[2025-12-12 22:59:20] [INFO] [STATE] Player Transmutation: AIR -> FIRE
[2025-12-12 22:59:21] [INFO] [STATE] Player Transmutation: FIRE -> EARTH
[2025-12-12 22:59:21] [INFO] [STATE] Player Transmutation: FIRE -> EARTH
[2025-12-12 22:59:32] [INFO] [STATE] Player Transmutation: EARTH -> AIR
[2025-12-12 22:59:32] [INFO] [STATE] Player Transmutation: EARTH -> AIR
[2025-12-12 22:59:59] [INFO] [STATE] Player Transmutation: AIR -> FIRE
[2025-12-12 22:59:59] [INFO] [STATE] Player Transmutation: AIR -> FIRE
[2025-12-12 23:00:19] [INFO] [STATE] Player Transmutation: FIRE -> WATER
[2025-12-12 23:00:19] [INFO] [STATE] Player Transmutation: FIRE -> WATER
[2025-12-12 23:00:44] [INFO] [STATE] Player Transmutation: WATER -> EARTH
[2025-12-12 23:00:44] [INFO] [STATE] Player Transmutation: WATER -> EARTH
[2025-12-12 23:01:32] [INFO] [STATE] Player Transmutation: EARTH -> FIRE
[2025-12-12 23:01:32] [INFO] [STATE] Player Transmutation: EARTH -> FIRE
[2025-12-12 23:02:04] [INFO] [STATE] Player Transmutation: FIRE -> AIR
[2025-12-12 23:02:04] [INFO] [STATE] Player Transmutation: FIRE -> AIR
[2025-12-12 23:02:15] [INFO] [STATE] Player Transmutation: AIR -> WATER
[2025-12-12 23:02:15] [INFO] [STATE] Player Transmutation: AIR -> WATER
[2025-12-12 23:02:17] [INFO] [STATE] Game: PLAYING -> VICTORY
[2025-12-12 23:02:17] [INFO] Victory! Final Score: 5835
[2025-12-12 23:02:20] [INFO] [STATE] Game: VICTORY -> PLAYING
[2025-12-12 23:02:20] [INFO] Game started
[2025-12-12 23:02:20] [INFO] [STATE] Game: PLAYING -> VICTORY
[2025-12-12 23:02:20] [INFO] Victory! Final Score: 5835
[2025-12-12 23:02:22] [INFO] [STATE] Game: VICTORY -> PLAYING
[2025-12-12 23:02:22] [INFO] Game started
[2025-12-12 23:02:22] [INFO] [STATE] Game: PLAYING -> VICTORY
[2025-12-12 23:02:22] [INFO] Victory! Final Score: 5835
[2025-12-12 23:02:23] [INFO] [STATE] Game: VICTORY -> PLAYING
[2025-12-12 23:02:23] [INFO] Game started
[2025-12-12 23:02:23] [INFO] [STATE] Game: PLAYING -> VICTORY
[2025-12-12 23:02:23] [INFO] Victory! Final Score: 5835
[2025-12-12 23:02:25] [INFO] [STATE] Game: VICTORY -> PLAYING
[2025-12-12 23:02:25] [INFO] Game started
[2025-12-12 23:02:25] [INFO] [STATE] Game: PLAYING -> VICTORY
[2025-12-12 23:02:25] [INFO] Victory! Final Score: 5835
[2025-12-12 23:02:26] [INFO] [STATE] Game: VICTORY -> PLAYING
[2025-12-12 23:02:26] [INFO] Game started
[2025-12-12 23:02:26] [INFO] [STATE] Game: PLAYING -> VICTORY
[2025-12-12 23:02:26] [INFO] Victory! Final Score: 5835
[2025-12-12 23:02:26] [INFO] [STATE] Game: VICTORY -> PLAYING
[2025-12-12 23:02:26] [INFO] Game started
[2025-12-12 23:02:26] [INFO] [STATE] Game: PLAYING -> VICTORY
[2025-12-12 23:02:26] [INFO] Victory! Final Score: 5835
[2025-12-12 23:02:26] [INFO] [STATE] Game: VICTORY -> PLAYING
[2025-12-12 23:02:26] [INFO] Game started
[2025-12-12 23:02:26] [INFO] [STATE] Game: PLAYING -> VICTORY
[2025-12-12 23:02:26] [INFO] Victory! Final Score: 5835
[2025-12-12 23:02:27] [INFO] [STATE] Game: VICTORY -> PLAYING
[2025-12-12 23:02:27] [INFO] Game started
[2025-12-12 23:02:27] [INFO] [STATE] Game: PLAYING -> VICTORY
[2025-12-12 23:02:27] [INFO] Victory! Final Score: 5835
[2025-12-12 23:02:27] [INFO] [STATE] Game: VICTORY -> PLAYING
[2025-12-12 23:02:27] [INFO] Game started
[2025-12-12 23:02:27] [INFO] [STATE] Game: PLAYING -> VICTORY
[2025-12-12 23:02:27] [INFO] Victory! Final Score: 5835
[2025-12-12 23:02:28] [INFO] [STATE] Game: VICTORY -> PLAYING
[2025-12-12 23:02:28] [INFO] Game started
[2025-12-12 23:02:28] [INFO] [STATE] Game: PLAYING -> VICTORY
[2025-12-12 23:02:28] [INFO] Victory! Final Score: 5835
[2025-12-12 23:02:28] [INFO] [STATE] Game: VICTORY -> PLAYING
[2025-12-12 23:02:28] [INFO] Game started
[2025-12-12 23:02:28] [INFO] [STATE] Game: PLAYING -> VICTORY
[2025-12-12 23:02:28] [INFO] Victory! Final Score: 5835
[2025-12-12 23:02:29] [INFO] [STATE] Game: * -> MENU
[2025-12-12 23:02:33] [INFO] [STATE] Game: VICTORY -> PLAYING
[2025-12-12 23:02:33] [INFO] Game started
[2025-12-12 23:02:33] [INFO] [STATE] Game: PLAYING -> VICTORY
[2025-12-12 23:02:33] [INFO] Victory! Final Score: 5835
[2025-12-12 23:09:39] [INFO] [STATE] Game: * -> MENU
[2025-12-12 23:09:53] [INFO] [STATE] Game: * -> MENU
[2025-12-12 23:09:54] [INFO] [STATE] Player: NONE -> FIRE
[2025-12-12 23:09:54] [INFO] [STATE] Game: MENU -> PLAYING
[2025-12-12 23:09:54] [INFO] Game started
[2025-12-12 23:09:57] [INFO] [STATE] Game: PLAYING -> PAUSED
[2025-12-12 23:09:57] [INFO] Game paused
[2025-12-12 23:09:58] [INFO] [STATE] Game: * -> MENU
[2025-12-12 23:13:03] [INFO] [STATE] Game: * -> MENU
[2025-12-12 23:13:55] [INFO] [STATE] Game: * -> MENU
[2025-12-12 23:14:04] [INFO] [STATE] Game: * -> MENU
[2025-12-12 23:14:05] [INFO] [STATE] Player: NONE -> FIRE
[2025-12-12 23:14:05] [INFO] [STATE] Game: MENU -> PLAYING
[2025-12-12 23:14:05] [INFO] Game started
[2025-12-12 23:14:08] [INFO] [STATE] Game: PLAYING -> PAUSED
[2025-12-12 23:14:08] [INFO] Game paused
[2025-12-12 23:14:09] [INFO] [STATE] Game: * -> MENU
<<<<<<< HEAD
[2025-12-14 13:00:55] [INFO] [STATE] Game: * -> MENU
[2025-12-14 13:00:59] [INFO] [STATE] Player: NONE -> FIRE
[2025-12-14 13:00:59] [INFO] [STATE] Game: MENU -> PLAYING
[2025-12-14 13:00:59] [INFO] Game started
[2025-12-14 13:02:59] [INFO] [STATE] Player Transmutation: FIRE -> WATER
[2025-12-14 13:02:59] [INFO] [STATE] Player Transmutation: FIRE -> WATER
[2025-12-14 13:03:00] [INFO] [STATE] Player Transmutation: WATER -> EARTH
[2025-12-14 13:03:00] [INFO] [STATE] Player Transmutation: WATER -> EARTH
[2025-12-14 13:03:09] [INFO] [STATE] Player Transmutation: EARTH -> AIR
[2025-12-14 13:03:09] [INFO] [STATE] Player Transmutation: EARTH -> AIR
[2025-12-14 13:03:18] [INFO] [STATE] Player Transmutation: AIR -> FIRE
[2025-12-14 13:03:18] [INFO] [STATE] Player Transmutation: AIR -> FIRE
[2025-12-14 13:03:21] [INFO] [STATE] Player Transmutation: FIRE -> WATER
[2025-12-14 13:03:21] [INFO] [STATE] Player Transmutation: FIRE -> WATER
[2025-12-14 13:03:39] [INFO] [STATE] Player Transmutation: WATER -> EARTH
[2025-12-14 13:03:39] [INFO] [STATE] Player Transmutation: WATER -> EARTH
[2025-12-14 13:03:45] [INFO] [STATE] Player Transmutation: EARTH -> AIR
[2025-12-14 13:03:45] [INFO] [STATE] Player Transmutation: EARTH -> AIR
[2025-12-14 13:03:55] [INFO] [STATE] Player Transmutation: AIR -> EARTH
[2025-12-14 13:03:55] [INFO] [STATE] Player Transmutation: AIR -> EARTH
[2025-12-14 13:04:07] [INFO] [STATE] Player Transmutation: EARTH -> WATER
[2025-12-14 13:04:07] [INFO] [STATE] Player Transmutation: EARTH -> WATER
[2025-12-14 13:04:08] [INFO] [STATE] Player Transmutation: WATER -> FIRE
[2025-12-14 13:04:08] [INFO] [STATE] Player Transmutation: WATER -> FIRE
[2025-12-14 13:05:10] [INFO] [STATE] Player Transmutation: FIRE -> WATER
[2025-12-14 13:05:10] [INFO] [STATE] Player Transmutation: FIRE -> WATER
[2025-12-14 13:05:15] [INFO] [STATE] Player Transmutation: WATER -> FIRE
[2025-12-14 13:05:15] [INFO] [STATE] Player Transmutation: WATER -> FIRE
[2025-12-14 13:05:19] [INFO] [STATE] Player Transmutation: FIRE -> WATER
[2025-12-14 13:05:19] [INFO] [STATE] Player Transmutation: FIRE -> WATER
[2025-12-14 13:05:26] [INFO] [STATE] Player Transmutation: WATER -> FIRE
[2025-12-14 13:05:26] [INFO] [STATE] Player Transmutation: WATER -> FIRE
[2025-12-14 13:05:32] [INFO] [STATE] Player Transmutation: FIRE -> EARTH
[2025-12-14 13:05:32] [INFO] [STATE] Player Transmutation: FIRE -> EARTH
[2025-12-14 13:05:42] [INFO] [STATE] Player Transmutation: EARTH -> WATER
[2025-12-14 13:05:42] [INFO] [STATE] Player Transmutation: EARTH -> WATER
[2025-12-14 13:05:53] [INFO] [STATE] Player Transmutation: WATER -> FIRE
[2025-12-14 13:05:53] [INFO] [STATE] Player Transmutation: WATER -> FIRE
[2025-12-14 13:06:07] [INFO] [STATE] Player Transmutation: FIRE -> EARTH
[2025-12-14 13:06:07] [INFO] [STATE] Player Transmutation: FIRE -> EARTH
[2025-12-14 13:06:07] [INFO] [STATE] Player Transmutation: EARTH -> AIR
[2025-12-14 13:06:07] [INFO] [STATE] Player Transmutation: EARTH -> AIR
[2025-12-14 13:06:27] [INFO] [STATE] Game: PLAYING -> GAME_OVER
[2025-12-14 13:06:27] [INFO] Game Over - Final Score: 2795
[2025-12-14 13:06:27] [INFO] Game Over - Final Score: 2795
[2025-12-14 13:06:31] [INFO] [STATE] Game: * -> MENU
[2025-12-14 13:06:42] [INFO] [STATE] Game: * -> MENU
=======
[2025-12-17 11:10:59] [INFO] [STATE] Game: * -> MENU
[2025-12-17 11:11:19] [INFO] [STATE] Game: * -> MENU
[2025-12-17 11:11:48] [INFO] [STATE] Player: NONE -> FIRE
[2025-12-17 11:11:52] [INFO] [STATE] Player: NONE -> FIRE
[2025-12-17 11:11:54] [INFO] [STATE] Player: NONE -> FIRE
[2025-12-17 11:11:55] [INFO] [STATE] Player: NONE -> FIRE
[2025-12-17 11:11:55] [INFO] [STATE] Player: NONE -> FIRE
[2025-12-17 11:11:57] [INFO] [STATE] Player: NONE -> FIRE
[2025-12-17 11:11:58] [INFO] [STATE] Player: NONE -> FIRE
[2025-12-17 11:11:58] [INFO] [STATE] Player: NONE -> FIRE
[2025-12-17 11:12:04] [INFO] [STATE] Game: * -> MENU
[2025-12-17 11:12:06] [INFO] [STATE] Player: NONE -> FIRE
[2025-12-17 11:12:07] [INFO] [STATE] Player: NONE -> FIRE
[2025-12-17 11:12:07] [INFO] [STATE] Player: NONE -> FIRE
[2025-12-17 11:12:08] [INFO] [STATE] Player: NONE -> FIRE
[2025-12-17 11:12:28] [INFO] [STATE] Game: * -> MENU
[2025-12-17 11:12:33] [INFO] [STATE] Player: NONE -> FIRE
[2025-12-17 11:12:33] [INFO] [STATE] Game: MENU -> PLAYING
[2025-12-17 11:12:33] [INFO] Game started
[2025-12-17 11:13:16] [INFO] [STATE] Player Transmutation: FIRE -> WATER
[2025-12-17 11:13:16] [INFO] [STATE] Player Transmutation: FIRE -> WATER
[2025-12-17 11:13:38] [INFO] [STATE] Player Transmutation: WATER -> FIRE
[2025-12-17 11:13:38] [INFO] [STATE] Player Transmutation: WATER -> FIRE
[2025-12-17 11:13:49] [INFO] [STATE] Player Transmutation: FIRE -> EARTH
[2025-12-17 11:13:49] [INFO] [STATE] Player Transmutation: FIRE -> EARTH
[2025-12-17 11:14:10] [INFO] [STATE] Player Transmutation: EARTH -> AIR
[2025-12-17 11:14:10] [INFO] [STATE] Player Transmutation: EARTH -> AIR
[2025-12-17 11:14:26] [INFO] [STATE] Player Transmutation: AIR -> WATER
[2025-12-17 11:14:26] [INFO] [STATE] Player Transmutation: AIR -> WATER
[2025-12-17 11:14:39] [INFO] [STATE] Player Transmutation: WATER -> FIRE
[2025-12-17 11:14:39] [INFO] [STATE] Player Transmutation: WATER -> FIRE
[2025-12-17 11:14:39] [INFO] [STATE] Player Transmutation: FIRE -> EARTH
[2025-12-17 11:14:39] [INFO] [STATE] Player Transmutation: FIRE -> EARTH
[2025-12-17 11:14:49] [INFO] [STATE] Player Transmutation: EARTH -> FIRE
[2025-12-17 11:14:49] [INFO] [STATE] Player Transmutation: EARTH -> FIRE
[2025-12-17 11:14:58] [INFO] [STATE] Player Transmutation: FIRE -> WATER
[2025-12-17 11:14:58] [INFO] [STATE] Player Transmutation: FIRE -> WATER
[2025-12-17 11:15:03] [INFO] [STATE] Game: PLAYING -> GAME_OVER
[2025-12-17 11:15:03] [INFO] Game Over - Final Score: 2320
[2025-12-17 11:15:03] [INFO] Game Over - Final Score: 2320
[2025-12-17 11:15:07] [INFO] [STATE] Player: NONE -> FIRE
[2025-12-17 11:15:07] [INFO] [STATE] Game: GAME_OVER -> PLAYING
[2025-12-17 11:15:07] [INFO] Game started
[2025-12-17 11:15:25] [INFO] [STATE] Player Transmutation: FIRE -> WATER
[2025-12-17 11:15:25] [INFO] [STATE] Player Transmutation: FIRE -> WATER
[2025-12-17 11:15:48] [INFO] [STATE] Player Transmutation: WATER -> EARTH
[2025-12-17 11:15:48] [INFO] [STATE] Player Transmutation: WATER -> EARTH
[2025-12-17 11:15:49] [INFO] [STATE] Player Transmutation: EARTH -> AIR
[2025-12-17 11:15:49] [INFO] [STATE] Player Transmutation: EARTH -> AIR
[2025-12-17 11:15:58] [INFO] [STATE] Player Transmutation: AIR -> FIRE
[2025-12-17 11:15:58] [INFO] [STATE] Player Transmutation: AIR -> FIRE
[2025-12-17 11:16:05] [INFO] [STATE] Player Transmutation: FIRE -> EARTH
[2025-12-17 11:16:05] [INFO] [STATE] Player Transmutation: FIRE -> EARTH
[2025-12-17 11:16:35] [INFO] [STATE] Player Transmutation: EARTH -> FIRE
[2025-12-17 11:16:35] [INFO] [STATE] Player Transmutation: EARTH -> FIRE
[2025-12-17 11:16:36] [INFO] [STATE] Player Transmutation: FIRE -> WATER
[2025-12-17 11:16:36] [INFO] [STATE] Player Transmutation: FIRE -> WATER
[2025-12-17 11:16:46] [INFO] [STATE] Player Transmutation: WATER -> EARTH
[2025-12-17 11:16:46] [INFO] [STATE] Player Transmutation: WATER -> EARTH
[2025-12-17 11:16:55] [INFO] [STATE] Player Transmutation: EARTH -> AIR
[2025-12-17 11:16:55] [INFO] [STATE] Player Transmutation: EARTH -> AIR
[2025-12-17 11:16:57] [INFO] [STATE] Player Transmutation: AIR -> FIRE
[2025-12-17 11:16:57] [INFO] [STATE] Player Transmutation: AIR -> FIRE
[2025-12-17 11:17:55] [INFO] [STATE] Player Transmutation: FIRE -> WATER
[2025-12-17 11:17:55] [INFO] [STATE] Player Transmutation: FIRE -> WATER
[2025-12-17 11:17:55] [INFO] [STATE] Player Transmutation: WATER -> EARTH
[2025-12-17 11:17:55] [INFO] [STATE] Player Transmutation: WATER -> EARTH
[2025-12-17 11:18:25] [INFO] [STATE] Player Transmutation: EARTH -> AIR
[2025-12-17 11:18:25] [INFO] [STATE] Player Transmutation: EARTH -> AIR
[2025-12-17 11:18:52] [INFO] [STATE] Player Transmutation: AIR -> FIRE
[2025-12-17 11:18:52] [INFO] [STATE] Player Transmutation: AIR -> FIRE
[2025-12-17 11:19:05] [INFO] [STATE] Player Transmutation: FIRE -> AIR
[2025-12-17 11:19:05] [INFO] [STATE] Player Transmutation: FIRE -> AIR
[2025-12-17 11:19:06] [INFO] [STATE] Player Transmutation: AIR -> EARTH
[2025-12-17 11:19:06] [INFO] [STATE] Player Transmutation: AIR -> EARTH
[2025-12-17 11:19:06] [INFO] [STATE] Player Transmutation: EARTH -> WATER
[2025-12-17 11:19:06] [INFO] [STATE] Player Transmutation: EARTH -> WATER
[2025-12-17 11:19:23] [INFO] [STATE] Player Transmutation: WATER -> FIRE
[2025-12-17 11:19:23] [INFO] [STATE] Player Transmutation: WATER -> FIRE
[2025-12-17 11:19:23] [INFO] [STATE] Player Transmutation: FIRE -> WATER
[2025-12-17 11:19:23] [INFO] [STATE] Player Transmutation: FIRE -> WATER
[2025-12-17 11:19:25] [INFO] [STATE] Player Transmutation: WATER -> AIR
[2025-12-17 11:19:25] [INFO] [STATE] Player Transmutation: WATER -> AIR
[2025-12-17 11:19:25] [INFO] [STATE] Player Transmutation: AIR -> EARTH
[2025-12-17 11:19:25] [INFO] [STATE] Player Transmutation: AIR -> EARTH
[2025-12-17 11:19:25] [INFO] [STATE] Game: PLAYING -> VICTORY
[2025-12-17 11:19:25] [INFO] Victory! Final Score: 5150
[2025-12-17 11:35:40] [INFO] [STATE] Game: VICTORY -> PLAYING
[2025-12-17 11:35:40] [INFO] Game started
[2025-12-17 11:35:40] [INFO] [STATE] Game: PLAYING -> VICTORY
[2025-12-17 11:35:40] [INFO] Victory! Final Score: 5150
[2025-12-17 11:35:42] [INFO] [STATE] Game: VICTORY -> PLAYING
[2025-12-17 11:35:42] [INFO] Game started
[2025-12-17 11:35:42] [INFO] [STATE] Game: PLAYING -> VICTORY
[2025-12-17 11:35:42] [INFO] Victory! Final Score: 5150
[2025-12-17 11:35:43] [INFO] [STATE] Game: VICTORY -> PLAYING
[2025-12-17 11:35:43] [INFO] Game started
[2025-12-17 11:35:43] [INFO] [STATE] Game: PLAYING -> VICTORY
[2025-12-17 11:35:43] [INFO] Victory! Final Score: 5150
[2025-12-17 11:35:43] [INFO] [STATE] Game: VICTORY -> PLAYING
[2025-12-17 11:35:43] [INFO] Game started
[2025-12-17 11:35:43] [INFO] [STATE] Game: PLAYING -> VICTORY
[2025-12-17 11:35:43] [INFO] Victory! Final Score: 5150
[2025-12-17 11:35:43] [INFO] [STATE] Game: VICTORY -> PLAYING
[2025-12-17 11:35:43] [INFO] Game started
[2025-12-17 11:35:43] [INFO] [STATE] Game: PLAYING -> VICTORY
[2025-12-17 11:35:43] [INFO] Victory! Final Score: 5150
[2025-12-17 11:35:43] [INFO] [STATE] Game: VICTORY -> PLAYING
[2025-12-17 11:35:43] [INFO] Game started
[2025-12-17 11:35:43] [INFO] [STATE] Game: PLAYING -> VICTORY
[2025-12-17 11:35:43] [INFO] Victory! Final Score: 5150
[2025-12-17 11:35:43] [INFO] [STATE] Game: VICTORY -> PLAYING
[2025-12-17 11:35:43] [INFO] Game started
[2025-12-17 11:35:43] [INFO] [STATE] Game: PLAYING -> VICTORY
[2025-12-17 11:35:43] [INFO] Victory! Final Score: 5150
[2025-12-17 11:35:52] [INFO] [STATE] Game: VICTORY -> PLAYING
[2025-12-17 11:35:52] [INFO] Game started
[2025-12-17 11:35:52] [INFO] [STATE] Game: PLAYING -> VICTORY
[2025-12-17 11:35:52] [INFO] Victory! Final Score: 5150
[2025-12-17 11:35:52] [INFO] [STATE] Game: VICTORY -> PLAYING
[2025-12-17 11:35:52] [INFO] Game started
[2025-12-17 11:35:52] [INFO] [STATE] Game: PLAYING -> VICTORY
[2025-12-17 11:35:52] [INFO] Victory! Final Score: 5150
[2025-12-17 11:35:53] [INFO] [STATE] Game: VICTORY -> PLAYING
[2025-12-17 11:35:53] [INFO] Game started
[2025-12-17 11:35:53] [INFO] [STATE] Game: PLAYING -> VICTORY
[2025-12-17 11:35:53] [INFO] Victory! Final Score: 5150
[2025-12-17 11:35:58] [INFO] [STATE] Game: VICTORY -> PLAYING
[2025-12-17 11:35:58] [INFO] Game started
[2025-12-17 11:35:58] [INFO] [STATE] Game: PLAYING -> VICTORY
[2025-12-17 11:35:58] [INFO] Victory! Final Score: 5150
[2025-12-17 11:35:58] [INFO] [STATE] Game: VICTORY -> PLAYING
[2025-12-17 11:35:58] [INFO] Game started
[2025-12-17 11:35:58] [INFO] [STATE] Game: PLAYING -> VICTORY
[2025-12-17 11:35:58] [INFO] Victory! Final Score: 5150
[2025-12-17 11:35:58] [INFO] [STATE] Game: VICTORY -> PLAYING
[2025-12-17 11:35:58] [INFO] Game started
[2025-12-17 11:35:58] [INFO] [STATE] Game: PLAYING -> VICTORY
[2025-12-17 11:35:58] [INFO] Victory! Final Score: 5150
[2025-12-17 11:35:58] [INFO] [STATE] Game: VICTORY -> PLAYING
[2025-12-17 11:35:58] [INFO] Game started
[2025-12-17 11:35:58] [INFO] [STATE] Game: PLAYING -> VICTORY
[2025-12-17 11:35:58] [INFO] Victory! Final Score: 5150
[2025-12-17 11:35:59] [INFO] [STATE] Game: VICTORY -> PLAYING
[2025-12-17 11:35:59] [INFO] Game started
[2025-12-17 11:35:59] [INFO] [STATE] Game: PLAYING -> VICTORY
[2025-12-17 11:35:59] [INFO] Victory! Final Score: 5150
[2025-12-17 11:35:59] [INFO] [STATE] Game: VICTORY -> PLAYING
[2025-12-17 11:35:59] [INFO] Game started
[2025-12-17 11:35:59] [INFO] [STATE] Game: PLAYING -> VICTORY
[2025-12-17 11:35:59] [INFO] Victory! Final Score: 5150
[2025-12-17 11:35:59] [INFO] [STATE] Game: * -> MENU
[2025-12-17 11:36:08] [INFO] [STATE] Game: * -> MENU
[2025-12-17 11:36:42] [INFO] [STATE] Player: NONE -> FIRE
[2025-12-17 11:36:42] [INFO] [STATE] Game: MENU -> PLAYING
[2025-12-17 11:36:42] [INFO] Game started
[2025-12-17 11:36:47] [INFO] [STATE] Player Transmutation: FIRE -> WATER
[2025-12-17 11:36:47] [INFO] [STATE] Player Transmutation: FIRE -> WATER
[2025-12-17 11:36:47] [INFO] [STATE] Player Transmutation: WATER -> EARTH
[2025-12-17 11:36:47] [INFO] [STATE] Player Transmutation: WATER -> EARTH
[2025-12-17 11:36:48] [INFO] [STATE] Player Transmutation: EARTH -> AIR
[2025-12-17 11:36:48] [INFO] [STATE] Player Transmutation: EARTH -> AIR
[2025-12-17 11:36:50] [INFO] [STATE] Player Transmutation: AIR -> FIRE
[2025-12-17 11:36:50] [INFO] [STATE] Player Transmutation: AIR -> FIRE
[2025-12-18 12:07:05] [INFO] [STATE] Game: * -> MENU
[2025-12-18 12:07:12] [INFO] [STATE] Game: * -> MENU
[2025-12-18 12:07:17] [INFO] [STATE] Game: * -> MENU
[2025-12-18 12:07:22] [INFO] [STATE] Player: NONE -> FIRE
[2025-12-18 12:07:22] [INFO] [STATE] Game: MENU -> PLAYING
[2025-12-18 12:07:22] [INFO] Game started
[2025-12-18 12:07:46] [INFO] [STATE] Player Transmutation: FIRE -> WATER
[2025-12-18 12:07:46] [INFO] [STATE] Player Transmutation: FIRE -> WATER
[2025-12-18 12:08:06] [INFO] [STATE] Player Transmutation: WATER -> FIRE
[2025-12-18 12:08:06] [INFO] [STATE] Player Transmutation: WATER -> FIRE
[2025-12-18 12:08:13] [INFO] [STATE] Player Transmutation: FIRE -> AIR
[2025-12-18 12:08:13] [INFO] [STATE] Player Transmutation: FIRE -> AIR
[2025-12-18 12:08:14] [INFO] [STATE] Player Transmutation: AIR -> EARTH
[2025-12-18 12:08:14] [INFO] [STATE] Player Transmutation: AIR -> EARTH
[2025-12-18 12:08:22] [INFO] [STATE] Player Transmutation: EARTH -> AIR
[2025-12-18 12:08:22] [INFO] [STATE] Player Transmutation: EARTH -> AIR
[2025-12-18 12:08:29] [INFO] [STATE] Player Transmutation: AIR -> FIRE
[2025-12-18 12:08:29] [INFO] [STATE] Player Transmutation: AIR -> FIRE
[2025-12-18 12:08:46] [INFO] [STATE] Player Transmutation: FIRE -> AIR
[2025-12-18 12:08:46] [INFO] [STATE] Player Transmutation: FIRE -> AIR
[2025-12-18 12:09:03] [INFO] [STATE] Player Transmutation: AIR -> FIRE
[2025-12-18 12:09:03] [INFO] [STATE] Player Transmutation: AIR -> FIRE
[2025-12-18 12:09:14] [INFO] [STATE] Player Transmutation: FIRE -> EARTH
[2025-12-18 12:09:14] [INFO] [STATE] Player Transmutation: FIRE -> EARTH
[2025-12-18 12:09:31] [INFO] [STATE] Player Transmutation: EARTH -> FIRE
[2025-12-18 12:09:31] [INFO] [STATE] Player Transmutation: EARTH -> FIRE
[2025-12-18 12:09:32] [INFO] [STATE] Player Transmutation: FIRE -> WATER
[2025-12-18 12:09:32] [INFO] [STATE] Player Transmutation: FIRE -> WATER
[2025-12-18 12:09:50] [INFO] [STATE] Player Transmutation: WATER -> EARTH
[2025-12-18 12:09:50] [INFO] [STATE] Player Transmutation: WATER -> EARTH
[2025-12-18 12:09:50] [INFO] [STATE] Player Transmutation: EARTH -> AIR
[2025-12-18 12:09:50] [INFO] [STATE] Player Transmutation: EARTH -> AIR
[2025-12-18 12:09:52] [INFO] [STATE] Player Transmutation: AIR -> FIRE
[2025-12-18 12:09:52] [INFO] [STATE] Player Transmutation: AIR -> FIRE
[2025-12-18 12:09:59] [INFO] [STATE] Player Transmutation: FIRE -> AIR
[2025-12-18 12:09:59] [INFO] [STATE] Player Transmutation: FIRE -> AIR
[2025-12-18 12:10:07] [INFO] [STATE] Player Transmutation: AIR -> EARTH
[2025-12-18 12:10:07] [INFO] [STATE] Player Transmutation: AIR -> EARTH
[2025-12-18 12:10:11] [INFO] [STATE] Game: PLAYING -> VICTORY
[2025-12-18 12:10:11] [INFO] Victory! Final Score: 5950
[2025-12-18 12:10:16] [INFO] [STATE] Game: * -> MENU
>>>>>>> 05ee1456388514214f091f856795a7e30d4ba0fc
[2025-12-20 18:01:35] [INFO] [STATE] Player: NONE -> FIRE
[2025-12-20 18:01:35] [INFO] [STATE] Game: MENU -> PLAYING
[2025-12-20 18:01:35] [INFO] Game started
[2025-12-20 18:01:35] [INFO] [STATE] Player: NONE -> FIRE
[2025-12-20 18:01:35] [INFO] [STATE] Game: MENU -> PLAYING
[2025-12-20 18:01:35] [INFO] Game started
[2025-12-20 18:01:35] [INFO] [STATE] Game: PLAYING -> PAUSED
[2025-12-20 18:01:35] [INFO] Game paused
[2025-12-20 18:01:35] [INFO] [STATE] Game: PAUSED -> PLAYING
[2025-12-20 18:01:35] [INFO] Game resumed
[2025-12-20 18:03:19] [INFO] [STATE] Player: NONE -> FIRE
[2025-12-20 18:03:19] [INFO] [STATE] Game: MENU -> PLAYING
[2025-12-20 18:03:19] [INFO] Game started
[2025-12-20 18:03:19] [INFO] [STATE] Player: NONE -> FIRE
[2025-12-20 18:03:19] [INFO] [STATE] Game: MENU -> PLAYING
[2025-12-20 18:03:19] [INFO] Game started
[2025-12-20 18:03:19] [INFO] [STATE] Game: PLAYING -> PAUSED
[2025-12-20 18:03:19] [INFO] Game paused
[2025-12-20 18:03:19] [INFO] [STATE] Game: PAUSED -> PLAYING
[2025-12-20 18:03:19] [INFO] Game resumed
[2025-12-20 18:03:20] [INFO] [STATE] Player: NONE -> FIRE
[2025-12-20 18:07:18] [INFO] [STATE] Player: NONE -> FIRE
[2025-12-20 18:07:19] [INFO] [STATE] Game: MENU -> PLAYING
[2025-12-20 18:07:19] [INFO] Game started
[2025-12-20 18:07:19] [INFO] [STATE] Player: NONE -> FIRE
[2025-12-20 18:07:19] [INFO] [STATE] Game: MENU -> PLAYING
[2025-12-20 18:07:19] [INFO] Game started
[2025-12-20 18:07:19] [INFO] [STATE] Game: PLAYING -> PAUSED
[2025-12-20 18:07:19] [INFO] Game paused
[2025-12-20 18:07:19] [INFO] [STATE] Game: PAUSED -> PLAYING
[2025-12-20 18:07:19] [INFO] Game resumed
[2025-12-20 18:07:19] [INFO] [STATE] Player: NONE -> FIRE
[2025-12-20 18:10:03] [INFO] [STATE] Player: NONE -> FIRE
[2025-12-20 18:10:03] [INFO] [STATE] Game: MENU -> PLAYING
[2025-12-20 18:10:03] [INFO] Game started
[2025-12-20 18:10:03] [INFO] [STATE] Player: NONE -> FIRE
[2025-12-20 18:10:03] [INFO] [STATE] Game: MENU -> PLAYING
[2025-12-20 18:10:03] [INFO] Game started
[2025-12-20 18:10:03] [INFO] [STATE] Game: PLAYING -> PAUSED
[2025-12-20 18:10:03] [INFO] Game paused
[2025-12-20 18:10:03] [INFO] [STATE] Game: PAUSED -> PLAYING
[2025-12-20 18:10:03] [INFO] Game resumed
[2025-12-20 18:10:04] [INFO] [STATE] Player: NONE -> FIRE
[2025-12-20 18:10:36] [INFO] [STATE] Game: * -> MENU
[2025-12-20 18:10:39] [INFO] [STATE] Player: NONE -> FIRE
[2025-12-20 18:10:40] [INFO] [STATE] Game: MENU -> PLAYING
[2025-12-20 18:10:40] [INFO] Game started
[2025-12-20 18:11:11] [INFO] [STATE] Player Transmutation: FIRE -> WATER
[2025-12-20 18:11:11] [INFO] [STATE] Player Transmutation: FIRE -> WATER
[2025-12-20 18:11:28] [INFO] [STATE] Player Transmutation: WATER -> FIRE
[2025-12-20 18:11:28] [INFO] [STATE] Player Transmutation: WATER -> FIRE
[2025-12-20 18:11:54] [INFO] [STATE] Player Transmutation: FIRE -> EARTH
[2025-12-20 18:11:54] [INFO] [STATE] Player Transmutation: FIRE -> EARTH
[2025-12-20 18:12:03] [INFO] [STATE] Player Transmutation: EARTH -> AIR
[2025-12-20 18:12:03] [INFO] [STATE] Player Transmutation: EARTH -> AIR
[2025-12-20 18:12:09] [INFO] [STATE] Player Transmutation: AIR -> FIRE
[2025-12-20 18:12:09] [INFO] [STATE] Player Transmutation: AIR -> FIRE
[2025-12-20 18:12:10] [INFO] [STATE] Player Transmutation: FIRE -> WATER
[2025-12-20 18:12:10] [INFO] [STATE] Player Transmutation: FIRE -> WATER
[2025-12-20 18:12:10] [INFO] [STATE] Player Transmutation: WATER -> EARTH
[2025-12-20 18:12:10] [INFO] [STATE] Player Transmutation: WATER -> EARTH
[2025-12-20 18:12:11] [INFO] [STATE] Player Transmutation: EARTH -> WATER
[2025-12-20 18:12:11] [INFO] [STATE] Player Transmutation: EARTH -> WATER
[2025-12-20 18:12:30] [INFO] [STATE] Player Transmutation: WATER -> FIRE
[2025-12-20 18:12:30] [INFO] [STATE] Player Transmutation: WATER -> FIRE
[2025-12-20 18:12:31] [INFO] [STATE] Player Transmutation: FIRE -> WATER
[2025-12-20 18:12:31] [INFO] [STATE] Player Transmutation: FIRE -> WATER
[2025-12-20 18:12:32] [INFO] [STATE] Player Transmutation: WATER -> FIRE
[2025-12-20 18:12:32] [INFO] [STATE] Player Transmutation: WATER -> FIRE
[2025-12-20 18:13:46] [INFO] [STATE] Game: PLAYING -> PAUSED
[2025-12-20 18:13:46] [INFO] Game paused
[2025-12-20 18:13:49] [INFO] [STATE] Game: PAUSED -> PLAYING
[2025-12-20 18:13:49] [INFO] Game resumed
[2025-12-20 18:13:50] [INFO] [STATE] Game: PLAYING -> PAUSED
[2025-12-20 18:13:50] [INFO] Game paused
[2025-12-20 18:13:50] [INFO] [STATE] Game: PAUSED -> PLAYING
[2025-12-20 18:13:50] [INFO] Game resumed
[2025-12-20 18:15:07] [INFO] [STATE] Player Transmutation: FIRE -> EARTH
[2025-12-20 18:15:07] [INFO] [STATE] Player Transmutation: FIRE -> EARTH
[2025-12-20 18:15:56] [INFO] [STATE] Player Transmutation: EARTH -> FIRE
[2025-12-20 18:15:56] [INFO] [STATE] Player Transmutation: EARTH -> FIRE
[2025-12-20 18:15:56] [INFO] [STATE] Player Transmutation: FIRE -> WATER
[2025-12-20 18:15:56] [INFO] [STATE] Player Transmutation: FIRE -> WATER
[2025-12-20 18:15:57] [INFO] [STATE] Player Transmutation: WATER -> EARTH
[2025-12-20 18:15:57] [INFO] [STATE] Player Transmutation: WATER -> EARTH
[2025-12-20 18:15:59] [INFO] [STATE] Player Transmutation: EARTH -> AIR
[2025-12-20 18:15:59] [INFO] [STATE] Player Transmutation: EARTH -> AIR
[2025-12-20 18:16:02] [INFO] [STATE] Player Transmutation: AIR -> WATER
[2025-12-20 18:16:02] [INFO] [STATE] Player Transmutation: AIR -> WATER
[2025-12-20 18:16:05] [INFO] [STATE] Player Transmutation: WATER -> EARTH
[2025-12-20 18:16:05] [INFO] [STATE] Player Transmutation: WATER -> EARTH
[2025-12-20 18:16:17] [INFO] [STATE] Player Transmutation: EARTH -> WATER
[2025-12-20 18:16:17] [INFO] [STATE] Player Transmutation: EARTH -> WATER
[2025-12-20 18:16:19] [INFO] [STATE] Player Transmutation: WATER -> FIRE
[2025-12-20 18:16:19] [INFO] [STATE] Player Transmutation: WATER -> FIRE
[2025-12-20 18:16:20] [INFO] [STATE] Player Transmutation: FIRE -> EARTH
[2025-12-20 18:16:20] [INFO] [STATE] Player Transmutation: FIRE -> EARTH
[2025-12-20 18:16:20] [INFO] [STATE] Player Transmutation: EARTH -> AIR
[2025-12-20 18:16:20] [INFO] [STATE] Player Transmutation: EARTH -> AIR
[2025-12-20 18:16:31] [INFO] [STATE] Player Transmutation: AIR -> EARTH
[2025-12-20 18:16:31] [INFO] [STATE] Player Transmutation: AIR -> EARTH
[2025-12-20 18:16:41] [INFO] [STATE] Player Transmutation: EARTH -> WATER
[2025-12-20 18:16:41] [INFO] [STATE] Player Transmutation: EARTH -> WATER
[2025-12-20 18:16:57] [INFO] [STATE] Player Transmutation: WATER -> EARTH
[2025-12-20 18:16:57] [INFO] [STATE] Player Transmutation: WATER -> EARTH
[2025-12-20 18:17:08] [INFO] [STATE] Player Transmutation: EARTH -> WATER
[2025-12-20 18:17:08] [INFO] [STATE] Player Transmutation: EARTH -> WATER
[2025-12-20 18:17:10] [INFO] [STATE] Player Transmutation: WATER -> FIRE
[2025-12-20 18:17:10] [INFO] [STATE] Player Transmutation: WATER -> FIRE
[2025-12-20 18:17:23] [INFO] [STATE] Player Transmutation: FIRE -> WATER
[2025-12-20 18:17:23] [INFO] [STATE] Player Transmutation: FIRE -> WATER
[2025-12-20 18:17:23] [INFO] [STATE] Player Transmutation: WATER -> EARTH
[2025-12-20 18:17:23] [INFO] [STATE] Player Transmutation: WATER -> EARTH
[2025-12-20 18:17:26] [INFO] [STATE] Player Transmutation: EARTH -> AIR
[2025-12-20 18:17:26] [INFO] [STATE] Player Transmutation: EARTH -> AIR
[2025-12-20 18:17:52] [INFO] [STATE] Game: PLAYING -> GAME_OVER
[2025-12-20 18:17:52] [INFO] Game Over - Final Score: 4655
[2025-12-20 18:17:52] [INFO] Game Over - Final Score: 4655
[2025-12-20 18:17:57] [INFO] [STATE] Game: * -> MENU
[2025-12-20 18:18:20] [INFO] [STATE] Game: * -> MENU
[2025-12-20 18:18:31] [INFO] [STATE] Game: * -> MENU
[2025-12-20 18:18:32] [INFO] [STATE] Player: NONE -> FIRE
[2025-12-20 18:18:32] [INFO] [STATE] Game: GAME_OVER -> PLAYING
[2025-12-20 18:18:32] [INFO] Game started
